<?xml version="1.0" encoding="UTF-8"?>
<!-- Generated by org.testng.reporters.JUnitReportReporter -->
<testsuite skipped="0" hostname="DESKTOP-QJ973L4" name="scripts.PtoductDelivery" tests="1" failures="0" timestamp="2020-07-17T06:56:49 IST" time="31.219" errors="0">
  <testcase name="delivery" time="31.219" classname="scripts.PtoductDelivery"/>
</testsuite> <!-- scripts.PtoductDelivery -->
